2025-08-23 20:55:54,981 - demo - INFO - demo.py:54 - ✅ System initialized successfully
2025-08-23 20:55:54,981 - demo - WARNING - demo.py:55 - ⚠️  This is a warning message
2025-08-23 20:55:54,981 - demo - ERROR - demo.py:56 - ❌ This is an error message (demo)
2025-08-23 20:56:49,028 - demo - INFO - error_handling.py:200 - Progress: 1/5 (20.0%) - Processing step 1
2025-08-23 20:56:49,235 - demo - INFO - error_handling.py:200 - Progress: 2/5 (40.0%) - Processing step 2
2025-08-23 20:56:49,438 - demo - INFO - error_handling.py:200 - Progress: 3/5 (60.0%) - Processing step 3
2025-08-23 20:56:49,642 - demo - INFO - error_handling.py:200 - Progress: 4/5 (80.0%) - Processing step 4
2025-08-23 20:56:49,847 - demo - INFO - error_handling.py:200 - Progress: 5/5 (100.0%) - Processing step 5
2025-08-23 20:56:49,847 - demo - INFO - error_handling.py:200 - Progress: 6/5 (120.0%) - Demo complete
2025-08-23 20:57:33,745 - crowd_analysis - INFO - main_improved.py:52 - Crowd Analysis System initialized
2025-08-23 20:57:33,745 - crowd_analysis - INFO - logger.py:63 - ==================================================
2025-08-23 20:57:33,745 - crowd_analysis - INFO - logger.py:64 - CROWD ANALYSIS SYSTEM STARTUP
2025-08-23 20:57:33,745 - crowd_analysis - INFO - logger.py:65 - ==================================================
2025-08-23 20:57:33,745 - crowd_analysis - INFO - logger.py:71 - Python version: 3.13.3 (main, Apr  8 2025, 13:54:08) [Clang 17.0.0 (clang-1700.0.13.3)]
2025-08-23 20:57:33,745 - crowd_analysis - INFO - logger.py:72 - OpenCV version: 4.12.0
2025-08-23 20:57:33,745 - crowd_analysis - INFO - logger.py:73 - NumPy version: 2.2.6
2025-08-23 20:57:33,745 - crowd_analysis - INFO - logger.py:77 - TensorFlow version: 2.20.0
2025-08-23 20:57:33,745 - crowd_analysis - INFO - logger.py:78 - GPU available: []
2025-08-23 20:57:33,745 - crowd_analysis - INFO - logger.py:82 - System initialization complete
2025-08-23 20:57:33,745 - crowd_analysis - INFO - main_improved.py:232 - Setting up components...
2025-08-23 20:57:33,777 - crowd_analysis - INFO - error_handling.py:123 - Video source validated: video/7.mp4
2025-08-23 20:57:33,781 - crowd_analysis - INFO - main_improved.py:71 - Video capture initialized: video/7.mp4
2025-08-23 20:57:33,781 - crowd_analysis - INFO - error_handling.py:158 - Model files validated: YOLOv4-tiny/yolov4-tiny.weights, YOLOv4-tiny/yolov4-tiny.cfg
2025-08-23 20:57:33,807 - crowd_analysis - INFO - main_improved.py:94 - YOLO model loaded: YOLOv4-tiny/yolov4-tiny.weights
2025-08-23 20:57:33,892 - crowd_analysis - INFO - main_improved.py:120 - Deep SORT tracker initialized
2025-08-23 20:57:33,893 - crowd_analysis - INFO - main_improved.py:149 - Data output files initialized
2025-08-23 20:57:33,893 - crowd_analysis - INFO - main_improved.py:238 - All components initialized successfully
2025-08-23 20:57:33,896 - crowd_analysis - INFO - main_improved.py:156 - Starting video processing...
2025-08-23 20:57:40,053 - crowd_analysis - INFO - main_improved.py:176 - Video processing completed in 6.16 seconds
2025-08-23 20:57:40,053 - crowd_analysis - INFO - main_improved.py:184 - Processed FPS: 61.23
2025-08-23 20:57:40,054 - crowd_analysis - INFO - main_improved.py:210 - Video metadata saved: processed_data/video_data.json
2025-08-23 20:57:40,054 - crowd_analysis - INFO - main_improved.py:243 - Crowd analysis completed successfully
2025-08-23 20:57:40,055 - crowd_analysis - INFO - main_improved.py:225 - Resources cleaned up
2025-08-23 22:38:41,161 - crowd_analysis - INFO - main_improved.py:52 - Crowd Analysis System initialized
2025-08-23 22:39:19,531 - crowd_analysis - INFO - main_improved.py:52 - Crowd Analysis System initialized
2025-08-23 22:40:36,714 - crowd_analysis - INFO - main_improved.py:52 - Crowd Analysis System initialized
2025-08-23 22:51:56,187 - crowd_analysis - INFO - main_improved.py:52 - Crowd Analysis System initialized
2025-08-23 22:58:22,733 - crowd_analysis - INFO - main_improved.py:52 - Crowd Analysis System initialized
2025-08-23 22:58:22,734 - crowd_analysis - ERROR - error_handling.py:51 - Exception in process_video: CrowdAnalysisSystem.process_video() got multiple values for argument 'progress_callback'
2025-08-23 22:58:22,734 - crowd_analysis - ERROR - error_handling.py:52 - Traceback: Traceback (most recent call last):
  File "/Users/levi/Crowd-Analysis-main/utils/error_handling.py", line 49, in wrapper
    return func(*args, **kwargs)
TypeError: CrowdAnalysisSystem.process_video() got multiple values for argument 'progress_callback'

2025-08-23 23:01:14,726 - crowd_analysis - INFO - main_improved.py:52 - Crowd Analysis System initialized
2025-08-23 23:01:14,731 - crowd_analysis - INFO - main_improved.py:156 - Starting video processing...
2025-08-23 23:01:14,731 - crowd_analysis - ERROR - main_improved.py:199 - Error during video processing: 'NoneType' object has no attribute 'get'
2025-08-23 23:01:14,731 - crowd_analysis - ERROR - error_handling.py:51 - Exception in process_video: 'NoneType' object has no attribute 'get'
2025-08-23 23:01:14,732 - crowd_analysis - ERROR - error_handling.py:52 - Traceback: Traceback (most recent call last):
  File "/Users/levi/Crowd-Analysis-main/utils/error_handling.py", line 49, in wrapper
    return func(*args, **kwargs)
  File "/Users/levi/Crowd-Analysis-main/main_improved.py", line 163, in process_video
    total_frames = int(self.cap.get(cv2.CAP_PROP_FRAME_COUNT))
                       ^^^^^^^^^^^^
AttributeError: 'NoneType' object has no attribute 'get'

2025-08-23 23:02:07,841 - crowd_analysis - INFO - main_improved.py:52 - Crowd Analysis System initialized
2025-08-23 23:02:07,844 - crowd_analysis - INFO - main_improved.py:156 - Starting video processing...
2025-08-23 23:02:07,844 - crowd_analysis - ERROR - main_improved.py:199 - Error during video processing: 'NoneType' object has no attribute 'get'
2025-08-23 23:02:07,844 - crowd_analysis - ERROR - error_handling.py:51 - Exception in process_video: 'NoneType' object has no attribute 'get'
2025-08-23 23:02:07,845 - crowd_analysis - ERROR - error_handling.py:52 - Traceback: Traceback (most recent call last):
  File "/Users/levi/Crowd-Analysis-main/utils/error_handling.py", line 49, in wrapper
    return func(*args, **kwargs)
  File "/Users/levi/Crowd-Analysis-main/main_improved.py", line 163, in process_video
    total_frames = int(self.cap.get(cv2.CAP_PROP_FRAME_COUNT))
                       ^^^^^^^^^^^^
AttributeError: 'NoneType' object has no attribute 'get'

2025-08-23 23:04:05,034 - crowd_analysis - INFO - main_improved.py:52 - Crowd Analysis System initialized
2025-08-23 23:04:05,036 - crowd_analysis - INFO - main_improved.py:156 - Starting video processing...
2025-08-23 23:04:05,043 - crowd_analysis - INFO - error_handling.py:123 - Video source validated: /Users/levi/Videos/video:7.mp4
2025-08-23 23:04:05,046 - crowd_analysis - INFO - main_improved.py:71 - Video capture initialized: /Users/levi/Videos/video:7.mp4
2025-08-23 23:04:05,046 - crowd_analysis - INFO - error_handling.py:158 - Model files validated: YOLOv4-tiny/yolov4-tiny.weights, YOLOv4-tiny/yolov4-tiny.cfg
2025-08-23 23:04:05,072 - crowd_analysis - INFO - main_improved.py:94 - YOLO model loaded: YOLOv4-tiny/yolov4-tiny.weights
2025-08-23 23:04:05,162 - crowd_analysis - INFO - main_improved.py:120 - Deep SORT tracker initialized
2025-08-23 23:04:05,162 - crowd_analysis - ERROR - main_improved.py:207 - Error during video processing: 'CrowdAnalysisSystem' object has no attribute 'movement_data_writer'
2025-08-23 23:04:05,162 - crowd_analysis - ERROR - error_handling.py:51 - Exception in process_video: 'CrowdAnalysisSystem' object has no attribute 'movement_data_writer'
2025-08-23 23:04:05,164 - crowd_analysis - ERROR - error_handling.py:52 - Traceback: Traceback (most recent call last):
  File "/Users/levi/Crowd-Analysis-main/utils/error_handling.py", line 49, in wrapper
    return func(*args, **kwargs)
  File "/Users/levi/Crowd-Analysis-main/main_improved.py", line 181, in process_video
    self.movement_data_writer,
    ^^^^^^^^^^^^^^^^^^^^^^^^^
AttributeError: 'CrowdAnalysisSystem' object has no attribute 'movement_data_writer'

